  [1m[35m (0.1ms)[0m  [1m[34mSELECT sqlite_version(*)[0m
  [1m[35m (8.9ms)[0m  [1m[35mCREATE TABLE "schema_migrations" ("version" varchar NOT NULL PRIMARY KEY)[0m
  [1m[35m (6.0ms)[0m  [1m[35mCREATE TABLE "ar_internal_metadata" ("key" varchar NOT NULL PRIMARY KEY, "value" varchar, "created_at" datetime NOT NULL, "updated_at" datetime NOT NULL)[0m
  [1m[35m (0.7ms)[0m  [1m[34mSELECT "schema_migrations"."version" FROM "schema_migrations" ORDER BY "schema_migrations"."version" ASC[0m
Migrating to CreateTweeets (20171129222907)
  [1m[35m (0.1ms)[0m  [1m[36mbegin transaction[0m
  [1m[35m (0.5ms)[0m  [1m[35mCREATE TABLE "tweeets" ("id" INTEGER PRIMARY KEY AUTOINCREMENT NOT NULL, "tweeet" text, "created_at" datetime NOT NULL, "updated_at" datetime NOT NULL)[0m
  [1m[35mSQL (0.3ms)[0m  [1m[32mINSERT INTO "schema_migrations" ("version") VALUES (?)[0m  [["version", "20171129222907"]]
  [1m[35m (4.7ms)[0m  [1m[36mcommit transaction[0m
Migrating to DeviseCreateUsers (20171129234035)
  [1m[35m (0.1ms)[0m  [1m[36mbegin transaction[0m
  [1m[35m (0.7ms)[0m  [1m[35mCREATE TABLE "users" ("id" INTEGER PRIMARY KEY AUTOINCREMENT NOT NULL, "email" varchar DEFAULT '' NOT NULL, "encrypted_password" varchar DEFAULT '' NOT NULL, "reset_password_token" varchar, "reset_password_sent_at" datetime, "remember_created_at" datetime, "sign_in_count" integer DEFAULT 0 NOT NULL, "current_sign_in_at" datetime, "last_sign_in_at" datetime, "current_sign_in_ip" varchar, "last_sign_in_ip" varchar, "created_at" datetime NOT NULL, "updated_at" datetime NOT NULL)[0m
  [1m[35m (0.4ms)[0m  [1m[35mCREATE UNIQUE INDEX "index_users_on_email" ON "users" ("email")[0m
  [1m[35m (0.1ms)[0m  [1m[34m            SELECT sql
            FROM sqlite_master
            WHERE name='index_users_on_email' AND type='index'
            UNION ALL
            SELECT sql
            FROM sqlite_temp_master
            WHERE name='index_users_on_email' AND type='index'
[0m
  [1m[35m (0.2ms)[0m  [1m[35mCREATE UNIQUE INDEX "index_users_on_reset_password_token" ON "users" ("reset_password_token")[0m
  [1m[35mSQL (0.1ms)[0m  [1m[32mINSERT INTO "schema_migrations" ("version") VALUES (?)[0m  [["version", "20171129234035"]]
  [1m[35m (6.1ms)[0m  [1m[36mcommit transaction[0m
Migrating to AddFieldsToUsers (20171129234833)
  [1m[35m (0.1ms)[0m  [1m[36mbegin transaction[0m
  [1m[35m (0.5ms)[0m  [1m[35mALTER TABLE "users" ADD "name" varchar[0m
  [1m[35m (0.3ms)[0m  [1m[35mALTER TABLE "users" ADD "username" varchar[0m
  [1m[35m (0.1ms)[0m  [1m[34m            SELECT sql
            FROM sqlite_master
            WHERE name='index_users_on_reset_password_token' AND type='index'
            UNION ALL
            SELECT sql
            FROM sqlite_temp_master
            WHERE name='index_users_on_reset_password_token' AND type='index'
[0m
  [1m[35m (0.1ms)[0m  [1m[34m            SELECT sql
            FROM sqlite_master
            WHERE name='index_users_on_email' AND type='index'
            UNION ALL
            SELECT sql
            FROM sqlite_temp_master
            WHERE name='index_users_on_email' AND type='index'
[0m
  [1m[35m (0.2ms)[0m  [1m[35mCREATE UNIQUE INDEX "index_users_on_username" ON "users" ("username")[0m
  [1m[35mSQL (0.1ms)[0m  [1m[32mINSERT INTO "schema_migrations" ("version") VALUES (?)[0m  [["version", "20171129234833"]]
  [1m[35m (6.3ms)[0m  [1m[36mcommit transaction[0m
Migrating to AddUserIdToTweeets (20171130000452)
  [1m[35m (0.1ms)[0m  [1m[36mbegin transaction[0m
  [1m[35m (0.4ms)[0m  [1m[35mALTER TABLE "tweeets" ADD "user_id" integer[0m
  [1m[35mSQL (0.4ms)[0m  [1m[32mINSERT INTO "schema_migrations" ("version") VALUES (?)[0m  [["version", "20171130000452"]]
  [1m[35m (4.8ms)[0m  [1m[36mcommit transaction[0m
  [1m[36mActiveRecord::InternalMetadata Load (0.3ms)[0m  [1m[34mSELECT  "ar_internal_metadata".* FROM "ar_internal_metadata" WHERE "ar_internal_metadata"."key" = ? LIMIT ?[0m  [["key", "environment"], ["LIMIT", 1]]
  [1m[35m (0.1ms)[0m  [1m[36mbegin transaction[0m
  [1m[35mSQL (0.3ms)[0m  [1m[32mINSERT INTO "ar_internal_metadata" ("key", "value", "created_at", "updated_at") VALUES (?, ?, ?, ?)[0m  [["key", "environment"], ["value", "development"], ["created_at", "2021-04-17 08:50:52.514466"], ["updated_at", "2021-04-17 08:50:52.514466"]]
  [1m[35m (4.1ms)[0m  [1m[36mcommit transaction[0m
  [1m[35m (0.2ms)[0m  [1m[34mSELECT "schema_migrations"."version" FROM "schema_migrations" ORDER BY "schema_migrations"."version" ASC[0m
  [1m[35m (0.1ms)[0m  [1m[34m            SELECT sql
            FROM sqlite_master
            WHERE name='index_users_on_username' AND type='index'
            UNION ALL
            SELECT sql
            FROM sqlite_temp_master
            WHERE name='index_users_on_username' AND type='index'
[0m
  [1m[35m (0.2ms)[0m  [1m[34m            SELECT sql
            FROM sqlite_master
            WHERE name='index_users_on_reset_password_token' AND type='index'
            UNION ALL
            SELECT sql
            FROM sqlite_temp_master
            WHERE name='index_users_on_reset_password_token' AND type='index'
[0m
  [1m[35m (0.2ms)[0m  [1m[34m            SELECT sql
            FROM sqlite_master
            WHERE name='index_users_on_email' AND type='index'
            UNION ALL
            SELECT sql
            FROM sqlite_temp_master
            WHERE name='index_users_on_email' AND type='index'
[0m
Started GET "/" for 127.0.0.1 at 2021-04-17 11:51:22 +0300
  [1m[35m (0.4ms)[0m  [1m[34mSELECT "schema_migrations"."version" FROM "schema_migrations" ORDER BY "schema_migrations"."version" ASC[0m
Processing by TweeetsController#index as HTML
  Rendering tweeets/index.html.erb within layouts/application
  [1m[36mUser Load (0.5ms)[0m  [1m[34mSELECT  "users".* FROM "users" WHERE "users"."id" = ? ORDER BY "users"."id" ASC LIMIT ?[0m  [["id", 1], ["LIMIT", 1]]
  Rendered tweeets/_trends.html.erb (0.5ms)
  [1m[36mTweeet Load (0.3ms)[0m  [1m[34mSELECT "tweeets".* FROM "tweeets" ORDER BY created_at DESC[0m
  Rendered tweeets/_feed.html.erb (2.9ms)
  Rendered tweeets/_who-to-follow.html.erb (0.6ms)
  Rendered tweeets/index.html.erb within layouts/application (34.7ms)
Completed 200 OK in 7332ms (Views: 7287.8ms | ActiveRecord: 3.7ms)


Started GET "/users/sign_in" for 127.0.0.1 at 2021-04-17 11:51:38 +0300

SyntaxError - syntax error, unexpected '{', expecting `end'
...ion only: [:create, :destroy] { request.env["devise.skip_tim...
...                              ^
/home/george/.rbenv/versions/2.7.2/lib/ruby/gems/2.7.0/gems/devise-4.3.0/app/controllers/devise/sessions_controller.rb:5: syntax error, unexpected '}', expecting `end'
..."devise.skip_timeout"] = true }
...                              ^
:

Started POST "/__better_errors/915c8970917509ef/variables" for 127.0.0.1 at 2021-04-17 11:51:38 +0300
Started GET "/" for 127.0.0.1 at 2021-04-17 11:51:42 +0300
Processing by TweeetsController#index as HTML
  Rendering tweeets/index.html.erb within layouts/application
  Rendered tweeets/_trends.html.erb (0.5ms)
  [1m[36mTweeet Load (0.2ms)[0m  [1m[34mSELECT "tweeets".* FROM "tweeets" ORDER BY created_at DESC[0m
  Rendered tweeets/_feed.html.erb (2.7ms)
  Rendered tweeets/_who-to-follow.html.erb (0.8ms)
  Rendered tweeets/index.html.erb within layouts/application (8.3ms)
Completed 200 OK in 128ms (Views: 125.3ms | ActiveRecord: 0.2ms)


Started GET "/users/sign_up" for 127.0.0.1 at 2021-04-17 11:51:44 +0300
Processing by RegistrationsController#new as HTML
  Rendering devise/registrations/new.html.erb within layouts/application
  Rendered devise/shared/_links.html.erb (2.2ms)
  Rendered devise/registrations/new.html.erb within layouts/application (122.3ms)
Completed 200 OK in 263ms (Views: 179.9ms | ActiveRecord: 0.0ms)


Started POST "/users" for 127.0.0.1 at 2021-04-17 11:52:04 +0300
Processing by RegistrationsController#create as HTML
  Parameters: {"utf8"=>"✓", "authenticity_token"=>"rEW9FH8gOjAVhDDPmgqzJbb9Pv6GGudR+dXOTalEwiBvOMQj9/PXc+QQ2Q5ra38dKb7l2NA49nRsglZUgSRX/Q==", "user"=>{"name"=>"George Georgescu", "username"=>"geo", "email"=>"georgegeorgescu2000@gmail.com", "password"=>"[FILTERED]", "password_confirmation"=>"[FILTERED]"}, "commit"=>"Sign up"}
  [1m[35m (0.1ms)[0m  [1m[36mbegin transaction[0m
  [1m[36mUser Exists (0.3ms)[0m  [1m[34mSELECT  1 AS one FROM "users" WHERE "users"."email" = ? LIMIT ?[0m  [["email", "georgegeorgescu2000@gmail.com"], ["LIMIT", 1]]
  [1m[35mSQL (0.4ms)[0m  [1m[32mINSERT INTO "users" ("email", "encrypted_password", "created_at", "updated_at", "name", "username") VALUES (?, ?, ?, ?, ?, ?)[0m  [["email", "georgegeorgescu2000@gmail.com"], ["encrypted_password", "$2a$11$vQJ.91U1VX41LBKSO1dQRemtClgLPNAjuMqJ9l3uG1ZwqBfZPIf76"], ["created_at", "2021-04-17 08:52:05.105067"], ["updated_at", "2021-04-17 08:52:05.105067"], ["name", "George Georgescu"], ["username", "geo"]]
  [1m[35m (4.5ms)[0m  [1m[36mcommit transaction[0m
  [1m[35m (0.1ms)[0m  [1m[36mbegin transaction[0m
  [1m[35mSQL (0.4ms)[0m  [1m[33mUPDATE "users" SET "sign_in_count" = ?, "current_sign_in_at" = ?, "last_sign_in_at" = ?, "current_sign_in_ip" = ?, "last_sign_in_ip" = ?, "updated_at" = ? WHERE "users"."id" = ?[0m  [["sign_in_count", 1], ["current_sign_in_at", "2021-04-17 08:52:05.113643"], ["last_sign_in_at", "2021-04-17 08:52:05.113643"], ["current_sign_in_ip", "127.0.0.1"], ["last_sign_in_ip", "127.0.0.1"], ["updated_at", "2021-04-17 08:52:05.115887"], ["id", 1]]
  [1m[35m (4.8ms)[0m  [1m[36mcommit transaction[0m
Redirected to http://localhost:3000/
Completed 302 Found in 178ms (ActiveRecord: 10.5ms)


Started GET "/" for 127.0.0.1 at 2021-04-17 11:52:05 +0300
Processing by TweeetsController#index as HTML
  Rendering tweeets/index.html.erb within layouts/application
  [1m[36mUser Load (0.4ms)[0m  [1m[34mSELECT  "users".* FROM "users" WHERE "users"."id" = ? ORDER BY "users"."id" ASC LIMIT ?[0m  [["id", 1], ["LIMIT", 1]]
  [1m[35m (0.3ms)[0m  [1m[34mSELECT COUNT(*) FROM "tweeets" WHERE "tweeets"."user_id" = ?[0m  [["user_id", 1]]
  Rendered tweeets/_profile.html.erb (29.5ms)
  Rendered tweeets/_form.html.erb (8.5ms)
  [1m[36mTweeet Load (0.5ms)[0m  [1m[34mSELECT "tweeets".* FROM "tweeets" ORDER BY created_at DESC[0m
  Rendered tweeets/_feed.html.erb (13.3ms)
  Rendered tweeets/_who-to-follow.html.erb (0.8ms)
  Rendered tweeets/index.html.erb within layouts/application (53.8ms)
Completed 200 OK in 101ms (Views: 96.8ms | ActiveRecord: 1.2ms)


Started POST "/tweeets" for 127.0.0.1 at 2021-04-17 11:52:12 +0300
Processing by TweeetsController#create as HTML
  Parameters: {"utf8"=>"✓", "authenticity_token"=>"fqzbdizJKi1jCx1PKIcZULASJTlm6lYTX9r8QoqpiW3jtyG0jIDoKBvPztgACJmnpKHhuXM4ljWiBwgRIa1liA==", "tweeet"=>{"tweeet"=>"1st tweet"}, "commit"=>"Create Tweeet"}
  [1m[36mUser Load (0.4ms)[0m  [1m[34mSELECT  "users".* FROM "users" WHERE "users"."id" = ? ORDER BY "users"."id" ASC LIMIT ?[0m  [["id", 1], ["LIMIT", 1]]
  [1m[35m (0.1ms)[0m  [1m[36mbegin transaction[0m
  [1m[35mSQL (0.3ms)[0m  [1m[32mINSERT INTO "tweeets" ("tweeet", "created_at", "updated_at", "user_id") VALUES (?, ?, ?, ?)[0m  [["tweeet", "1st tweet"], ["created_at", "2021-04-17 08:52:12.947687"], ["updated_at", "2021-04-17 08:52:12.947687"], ["user_id", 1]]
  [1m[35m (6.6ms)[0m  [1m[36mcommit transaction[0m
Redirected to http://localhost:3000/
Completed 302 Found in 23ms (ActiveRecord: 7.4ms)


Started GET "/" for 127.0.0.1 at 2021-04-17 11:52:12 +0300
Processing by TweeetsController#index as HTML
  Rendering tweeets/index.html.erb within layouts/application
  [1m[36mUser Load (0.5ms)[0m  [1m[34mSELECT  "users".* FROM "users" WHERE "users"."id" = ? ORDER BY "users"."id" ASC LIMIT ?[0m  [["id", 1], ["LIMIT", 1]]
  [1m[35m (0.6ms)[0m  [1m[34mSELECT COUNT(*) FROM "tweeets" WHERE "tweeets"."user_id" = ?[0m  [["user_id", 1]]
  Rendered tweeets/_profile.html.erb (5.2ms)
  Rendered tweeets/_form.html.erb (7.8ms)
  [1m[36mTweeet Load (0.3ms)[0m  [1m[34mSELECT "tweeets".* FROM "tweeets" ORDER BY created_at DESC[0m
  [1m[36mUser Load (0.4ms)[0m  [1m[34mSELECT  "users".* FROM "users" WHERE "users"."id" = ? LIMIT ?[0m  [["id", 1], ["LIMIT", 1]]
  Rendered tweeets/_feed.html.erb (18.7ms)
  Rendered tweeets/_who-to-follow.html.erb (0.5ms)
  Rendered tweeets/index.html.erb within layouts/application (31.2ms)
Completed 200 OK in 67ms (Views: 63.4ms | ActiveRecord: 1.9ms)


Started POST "/tweeets" for 127.0.0.1 at 2021-04-17 11:52:19 +0300
Processing by TweeetsController#create as HTML
  Parameters: {"utf8"=>"✓", "authenticity_token"=>"Yc2yY0nKU+vJKoetpQNQrrSzGCEmI7Db6thikoxC02v81kih6YOR7rHuVDqNjNBZoADcoTPxcP0XBZbBJ0Y/jg==", "tweeet"=>{"tweeet"=>"2th tweet"}, "commit"=>"Create Tweeet"}
  [1m[36mUser Load (0.5ms)[0m  [1m[34mSELECT  "users".* FROM "users" WHERE "users"."id" = ? ORDER BY "users"."id" ASC LIMIT ?[0m  [["id", 1], ["LIMIT", 1]]
  [1m[35m (0.1ms)[0m  [1m[36mbegin transaction[0m
  [1m[35mSQL (0.4ms)[0m  [1m[32mINSERT INTO "tweeets" ("tweeet", "created_at", "updated_at", "user_id") VALUES (?, ?, ?, ?)[0m  [["tweeet", "2th tweet"], ["created_at", "2021-04-17 08:52:19.095875"], ["updated_at", "2021-04-17 08:52:19.095875"], ["user_id", 1]]
  [1m[35m (4.6ms)[0m  [1m[36mcommit transaction[0m
Redirected to http://localhost:3000/
Completed 302 Found in 17ms (ActiveRecord: 5.6ms)


Started GET "/" for 127.0.0.1 at 2021-04-17 11:52:19 +0300
Processing by TweeetsController#index as HTML
  Rendering tweeets/index.html.erb within layouts/application
  [1m[36mUser Load (0.4ms)[0m  [1m[34mSELECT  "users".* FROM "users" WHERE "users"."id" = ? ORDER BY "users"."id" ASC LIMIT ?[0m  [["id", 1], ["LIMIT", 1]]
  [1m[35m (0.3ms)[0m  [1m[34mSELECT COUNT(*) FROM "tweeets" WHERE "tweeets"."user_id" = ?[0m  [["user_id", 1]]
  Rendered tweeets/_profile.html.erb (3.6ms)
  Rendered tweeets/_form.html.erb (5.2ms)
  [1m[36mTweeet Load (0.3ms)[0m  [1m[34mSELECT "tweeets".* FROM "tweeets" ORDER BY created_at DESC[0m
  [1m[36mUser Load (0.4ms)[0m  [1m[34mSELECT  "users".* FROM "users" WHERE "users"."id" = ? LIMIT ?[0m  [["id", 1], ["LIMIT", 1]]
  [1m[36mCACHE User Load (0.0ms)[0m  [1m[34mSELECT  "users".* FROM "users" WHERE "users"."id" = ? LIMIT ?[0m  [["id", 1], ["LIMIT", 1]]
  Rendered tweeets/_feed.html.erb (15.3ms)
  Rendered tweeets/_who-to-follow.html.erb (0.6ms)
  Rendered tweeets/index.html.erb within layouts/application (25.8ms)
Completed 200 OK in 77ms (Views: 69.0ms | ActiveRecord: 1.4ms)


Started POST "/tweeets" for 127.0.0.1 at 2021-04-17 11:52:24 +0300
Processing by TweeetsController#create as HTML
  Parameters: {"utf8"=>"✓", "authenticity_token"=>"JBHLbBUlWtlSe4gpeFgNssRw2GE8G1hhiLHB68RgTye5CjGutWyY3Cq/W75Q141F0MMc4SnJmEd1bDW4b2Sjwg==", "tweeet"=>{"tweeet"=>"3th tweet"}, "commit"=>"Create Tweeet"}
  [1m[36mUser Load (0.4ms)[0m  [1m[34mSELECT  "users".* FROM "users" WHERE "users"."id" = ? ORDER BY "users"."id" ASC LIMIT ?[0m  [["id", 1], ["LIMIT", 1]]
  [1m[35m (0.1ms)[0m  [1m[36mbegin transaction[0m
  [1m[35mSQL (0.3ms)[0m  [1m[32mINSERT INTO "tweeets" ("tweeet", "created_at", "updated_at", "user_id") VALUES (?, ?, ?, ?)[0m  [["tweeet", "3th tweet"], ["created_at", "2021-04-17 08:52:24.073711"], ["updated_at", "2021-04-17 08:52:24.073711"], ["user_id", 1]]
  [1m[35m (4.7ms)[0m  [1m[36mcommit transaction[0m
Redirected to http://localhost:3000/
Completed 302 Found in 13ms (ActiveRecord: 5.4ms)


Started GET "/" for 127.0.0.1 at 2021-04-17 11:52:24 +0300
Processing by TweeetsController#index as HTML
  Rendering tweeets/index.html.erb within layouts/application
  [1m[36mUser Load (0.7ms)[0m  [1m[34mSELECT  "users".* FROM "users" WHERE "users"."id" = ? ORDER BY "users"."id" ASC LIMIT ?[0m  [["id", 1], ["LIMIT", 1]]
  [1m[35m (0.2ms)[0m  [1m[34mSELECT COUNT(*) FROM "tweeets" WHERE "tweeets"."user_id" = ?[0m  [["user_id", 1]]
  Rendered tweeets/_profile.html.erb (2.5ms)
  Rendered tweeets/_form.html.erb (4.5ms)
  [1m[36mTweeet Load (0.2ms)[0m  [1m[34mSELECT "tweeets".* FROM "tweeets" ORDER BY created_at DESC[0m
  [1m[36mUser Load (0.3ms)[0m  [1m[34mSELECT  "users".* FROM "users" WHERE "users"."id" = ? LIMIT ?[0m  [["id", 1], ["LIMIT", 1]]
  [1m[36mCACHE User Load (0.0ms)[0m  [1m[34mSELECT  "users".* FROM "users" WHERE "users"."id" = ? LIMIT ?[0m  [["id", 1], ["LIMIT", 1]]
  [1m[36mCACHE User Load (0.0ms)[0m  [1m[34mSELECT  "users".* FROM "users" WHERE "users"."id" = ? LIMIT ?[0m  [["id", 1], ["LIMIT", 1]]
  Rendered tweeets/_feed.html.erb (21.4ms)
  Rendered tweeets/_who-to-follow.html.erb (0.9ms)
  Rendered tweeets/index.html.erb within layouts/application (33.4ms)
Completed 200 OK in 83ms (Views: 79.8ms | ActiveRecord: 1.4ms)


Started DELETE "/users/sign_out" for 127.0.0.1 at 2021-04-17 11:52:26 +0300

SyntaxError - syntax error, unexpected '{', expecting `end'
...ion only: [:create, :destroy] { request.env["devise.skip_tim...
...                              ^
/home/george/.rbenv/versions/2.7.2/lib/ruby/gems/2.7.0/gems/devise-4.3.0/app/controllers/devise/sessions_controller.rb:5: syntax error, unexpected '}', expecting `end'
..."devise.skip_timeout"] = true }
...                              ^
:

Started POST "/__better_errors/fc78b9ac54b94ed2/variables" for 127.0.0.1 at 2021-04-17 11:52:26 +0300
Started GET "/users/edit" for 127.0.0.1 at 2021-04-17 11:52:32 +0300
Processing by RegistrationsController#edit as HTML
  [1m[36mUser Load (0.3ms)[0m  [1m[34mSELECT  "users".* FROM "users" WHERE "users"."id" = ? ORDER BY "users"."id" ASC LIMIT ?[0m  [["id", 1], ["LIMIT", 1]]
  Rendering devise/registrations/edit.html.erb within layouts/application
  Rendered devise/registrations/edit.html.erb within layouts/application (17.3ms)
Completed 200 OK in 61ms (Views: 58.8ms | ActiveRecord: 0.3ms)


Started GET "/users/edit" for 127.0.0.1 at 2021-04-17 11:52:33 +0300
Processing by RegistrationsController#edit as HTML
  [1m[36mUser Load (0.5ms)[0m  [1m[34mSELECT  "users".* FROM "users" WHERE "users"."id" = ? ORDER BY "users"."id" ASC LIMIT ?[0m  [["id", 1], ["LIMIT", 1]]
  Rendering devise/registrations/edit.html.erb within layouts/application
  Rendered devise/registrations/edit.html.erb within layouts/application (29.4ms)
Completed 200 OK in 73ms (Views: 69.3ms | ActiveRecord: 0.5ms)


Started GET "/users/edit" for 127.0.0.1 at 2021-04-17 11:52:35 +0300
Processing by RegistrationsController#edit as HTML
  [1m[36mUser Load (0.4ms)[0m  [1m[34mSELECT  "users".* FROM "users" WHERE "users"."id" = ? ORDER BY "users"."id" ASC LIMIT ?[0m  [["id", 1], ["LIMIT", 1]]
  Rendering devise/registrations/edit.html.erb within layouts/application
  Rendered devise/registrations/edit.html.erb within layouts/application (39.1ms)
Completed 200 OK in 94ms (Views: 90.9ms | ActiveRecord: 0.4ms)


Started GET "/" for 127.0.0.1 at 2021-04-17 11:52:36 +0300
Processing by TweeetsController#index as HTML
  Rendering tweeets/index.html.erb within layouts/application
  [1m[36mUser Load (0.4ms)[0m  [1m[34mSELECT  "users".* FROM "users" WHERE "users"."id" = ? ORDER BY "users"."id" ASC LIMIT ?[0m  [["id", 1], ["LIMIT", 1]]
  [1m[35m (0.3ms)[0m  [1m[34mSELECT COUNT(*) FROM "tweeets" WHERE "tweeets"."user_id" = ?[0m  [["user_id", 1]]
  Rendered tweeets/_profile.html.erb (2.8ms)
  Rendered tweeets/_form.html.erb (5.5ms)
  [1m[36mTweeet Load (0.3ms)[0m  [1m[34mSELECT "tweeets".* FROM "tweeets" ORDER BY created_at DESC[0m
  [1m[36mUser Load (0.3ms)[0m  [1m[34mSELECT  "users".* FROM "users" WHERE "users"."id" = ? LIMIT ?[0m  [["id", 1], ["LIMIT", 1]]
  [1m[36mCACHE User Load (0.1ms)[0m  [1m[34mSELECT  "users".* FROM "users" WHERE "users"."id" = ? LIMIT ?[0m  [["id", 1], ["LIMIT", 1]]
  [1m[36mCACHE User Load (0.0ms)[0m  [1m[34mSELECT  "users".* FROM "users" WHERE "users"."id" = ? LIMIT ?[0m  [["id", 1], ["LIMIT", 1]]
  Rendered tweeets/_feed.html.erb (18.5ms)
  Rendered tweeets/_who-to-follow.html.erb (0.7ms)
  Rendered tweeets/index.html.erb within layouts/application (27.7ms)
Completed 200 OK in 87ms (Views: 83.8ms | ActiveRecord: 1.4ms)


Started GET "/" for 127.0.0.1 at 2021-04-17 11:52:37 +0300
Processing by TweeetsController#index as HTML
  Rendering tweeets/index.html.erb within layouts/application
  [1m[36mUser Load (0.4ms)[0m  [1m[34mSELECT  "users".* FROM "users" WHERE "users"."id" = ? ORDER BY "users"."id" ASC LIMIT ?[0m  [["id", 1], ["LIMIT", 1]]
  [1m[35m (0.3ms)[0m  [1m[34mSELECT COUNT(*) FROM "tweeets" WHERE "tweeets"."user_id" = ?[0m  [["user_id", 1]]
  Rendered tweeets/_profile.html.erb (3.4ms)
  Rendered tweeets/_form.html.erb (4.8ms)
  [1m[36mTweeet Load (0.3ms)[0m  [1m[34mSELECT "tweeets".* FROM "tweeets" ORDER BY created_at DESC[0m
  [1m[36mUser Load (0.4ms)[0m  [1m[34mSELECT  "users".* FROM "users" WHERE "users"."id" = ? LIMIT ?[0m  [["id", 1], ["LIMIT", 1]]
  [1m[36mCACHE User Load (0.1ms)[0m  [1m[34mSELECT  "users".* FROM "users" WHERE "users"."id" = ? LIMIT ?[0m  [["id", 1], ["LIMIT", 1]]
  [1m[36mCACHE User Load (0.1ms)[0m  [1m[34mSELECT  "users".* FROM "users" WHERE "users"."id" = ? LIMIT ?[0m  [["id", 1], ["LIMIT", 1]]
  Rendered tweeets/_feed.html.erb (19.9ms)
  Rendered tweeets/_who-to-follow.html.erb (1.0ms)
  Rendered tweeets/index.html.erb within layouts/application (30.6ms)
Completed 200 OK in 94ms (Views: 90.4ms | ActiveRecord: 1.5ms)


Started GET "/" for 127.0.0.1 at 2021-04-17 11:52:40 +0300
Processing by TweeetsController#index as HTML
  Rendering tweeets/index.html.erb within layouts/application
  [1m[36mUser Load (0.6ms)[0m  [1m[34mSELECT  "users".* FROM "users" WHERE "users"."id" = ? ORDER BY "users"."id" ASC LIMIT ?[0m  [["id", 1], ["LIMIT", 1]]
  [1m[35m (0.3ms)[0m  [1m[34mSELECT COUNT(*) FROM "tweeets" WHERE "tweeets"."user_id" = ?[0m  [["user_id", 1]]
  Rendered tweeets/_profile.html.erb (4.5ms)
  Rendered tweeets/_form.html.erb (5.1ms)
  [1m[36mTweeet Load (0.4ms)[0m  [1m[34mSELECT "tweeets".* FROM "tweeets" ORDER BY created_at DESC[0m
  [1m[36mUser Load (0.3ms)[0m  [1m[34mSELECT  "users".* FROM "users" WHERE "users"."id" = ? LIMIT ?[0m  [["id", 1], ["LIMIT", 1]]
  [1m[36mCACHE User Load (0.0ms)[0m  [1m[34mSELECT  "users".* FROM "users" WHERE "users"."id" = ? LIMIT ?[0m  [["id", 1], ["LIMIT", 1]]
  [1m[36mCACHE User Load (0.0ms)[0m  [1m[34mSELECT  "users".* FROM "users" WHERE "users"."id" = ? LIMIT ?[0m  [["id", 1], ["LIMIT", 1]]
  Rendered tweeets/_feed.html.erb (17.2ms)
  Rendered tweeets/_who-to-follow.html.erb (0.6ms)
  Rendered tweeets/index.html.erb within layouts/application (45.9ms)
Completed 200 OK in 104ms (Views: 99.6ms | ActiveRecord: 1.8ms)


Started GET "/" for 127.0.0.1 at 2021-04-17 11:52:42 +0300
Processing by TweeetsController#index as HTML
  Rendering tweeets/index.html.erb within layouts/application
  [1m[36mUser Load (0.4ms)[0m  [1m[34mSELECT  "users".* FROM "users" WHERE "users"."id" = ? ORDER BY "users"."id" ASC LIMIT ?[0m  [["id", 1], ["LIMIT", 1]]
  [1m[35m (0.4ms)[0m  [1m[34mSELECT COUNT(*) FROM "tweeets" WHERE "tweeets"."user_id" = ?[0m  [["user_id", 1]]
  Rendered tweeets/_profile.html.erb (3.7ms)
  Rendered tweeets/_form.html.erb (6.2ms)
  [1m[36mTweeet Load (0.3ms)[0m  [1m[34mSELECT "tweeets".* FROM "tweeets" ORDER BY created_at DESC[0m
  [1m[36mUser Load (0.2ms)[0m  [1m[34mSELECT  "users".* FROM "users" WHERE "users"."id" = ? LIMIT ?[0m  [["id", 1], ["LIMIT", 1]]
  [1m[36mCACHE User Load (0.0ms)[0m  [1m[34mSELECT  "users".* FROM "users" WHERE "users"."id" = ? LIMIT ?[0m  [["id", 1], ["LIMIT", 1]]
  [1m[36mCACHE User Load (0.0ms)[0m  [1m[34mSELECT  "users".* FROM "users" WHERE "users"."id" = ? LIMIT ?[0m  [["id", 1], ["LIMIT", 1]]
  Rendered tweeets/_feed.html.erb (15.8ms)
  Rendered tweeets/_who-to-follow.html.erb (0.5ms)
  Rendered tweeets/index.html.erb within layouts/application (26.1ms)
Completed 200 OK in 81ms (Views: 76.5ms | ActiveRecord: 1.3ms)


Started GET "/" for 127.0.0.1 at 2021-04-17 11:52:42 +0300
Processing by TweeetsController#index as HTML
  Rendering tweeets/index.html.erb within layouts/application
  [1m[36mUser Load (0.3ms)[0m  [1m[34mSELECT  "users".* FROM "users" WHERE "users"."id" = ? ORDER BY "users"."id" ASC LIMIT ?[0m  [["id", 1], ["LIMIT", 1]]
  [1m[35m (0.2ms)[0m  [1m[34mSELECT COUNT(*) FROM "tweeets" WHERE "tweeets"."user_id" = ?[0m  [["user_id", 1]]
  Rendered tweeets/_profile.html.erb (2.8ms)
  Rendered tweeets/_form.html.erb (6.4ms)
  [1m[36mTweeet Load (0.3ms)[0m  [1m[34mSELECT "tweeets".* FROM "tweeets" ORDER BY created_at DESC[0m
  [1m[36mUser Load (0.4ms)[0m  [1m[34mSELECT  "users".* FROM "users" WHERE "users"."id" = ? LIMIT ?[0m  [["id", 1], ["LIMIT", 1]]
  [1m[36mCACHE User Load (0.0ms)[0m  [1m[34mSELECT  "users".* FROM "users" WHERE "users"."id" = ? LIMIT ?[0m  [["id", 1], ["LIMIT", 1]]
  [1m[36mCACHE User Load (0.0ms)[0m  [1m[34mSELECT  "users".* FROM "users" WHERE "users"."id" = ? LIMIT ?[0m  [["id", 1], ["LIMIT", 1]]
  Rendered tweeets/_feed.html.erb (21.0ms)
  Rendered tweeets/_who-to-follow.html.erb (0.9ms)
  Rendered tweeets/index.html.erb within layouts/application (30.8ms)
Completed 200 OK in 76ms (Views: 73.0ms | ActiveRecord: 1.4ms)


Started GET "/" for 127.0.0.1 at 2021-04-17 11:52:43 +0300
Processing by TweeetsController#index as HTML
  Rendering tweeets/index.html.erb within layouts/application
  [1m[36mUser Load (0.4ms)[0m  [1m[34mSELECT  "users".* FROM "users" WHERE "users"."id" = ? ORDER BY "users"."id" ASC LIMIT ?[0m  [["id", 1], ["LIMIT", 1]]
  [1m[35m (0.2ms)[0m  [1m[34mSELECT COUNT(*) FROM "tweeets" WHERE "tweeets"."user_id" = ?[0m  [["user_id", 1]]
  Rendered tweeets/_profile.html.erb (8.2ms)
  Rendered tweeets/_form.html.erb (6.0ms)
  [1m[36mTweeet Load (0.5ms)[0m  [1m[34mSELECT "tweeets".* FROM "tweeets" ORDER BY created_at DESC[0m
  [1m[36mUser Load (0.4ms)[0m  [1m[34mSELECT  "users".* FROM "users" WHERE "users"."id" = ? LIMIT ?[0m  [["id", 1], ["LIMIT", 1]]
  [1m[36mCACHE User Load (0.0ms)[0m  [1m[34mSELECT  "users".* FROM "users" WHERE "users"."id" = ? LIMIT ?[0m  [["id", 1], ["LIMIT", 1]]
  [1m[36mCACHE User Load (0.0ms)[0m  [1m[34mSELECT  "users".* FROM "users" WHERE "users"."id" = ? LIMIT ?[0m  [["id", 1], ["LIMIT", 1]]
  Rendered tweeets/_feed.html.erb (18.4ms)
  Rendered tweeets/_who-to-follow.html.erb (0.5ms)
  Rendered tweeets/index.html.erb within layouts/application (33.8ms)
Completed 200 OK in 75ms (Views: 72.1ms | ActiveRecord: 1.5ms)


Started GET "/" for 127.0.0.1 at 2021-04-17 11:52:43 +0300
Processing by TweeetsController#index as HTML
  Rendering tweeets/index.html.erb within layouts/application
  [1m[36mUser Load (0.5ms)[0m  [1m[34mSELECT  "users".* FROM "users" WHERE "users"."id" = ? ORDER BY "users"."id" ASC LIMIT ?[0m  [["id", 1], ["LIMIT", 1]]
  [1m[35m (0.3ms)[0m  [1m[34mSELECT COUNT(*) FROM "tweeets" WHERE "tweeets"."user_id" = ?[0m  [["user_id", 1]]
  Rendered tweeets/_profile.html.erb (3.4ms)
  Rendered tweeets/_form.html.erb (5.6ms)
  [1m[36mTweeet Load (0.4ms)[0m  [1m[34mSELECT "tweeets".* FROM "tweeets" ORDER BY created_at DESC[0m
  [1m[36mUser Load (0.5ms)[0m  [1m[34mSELECT  "users".* FROM "users" WHERE "users"."id" = ? LIMIT ?[0m  [["id", 1], ["LIMIT", 1]]
  [1m[36mCACHE User Load (0.0ms)[0m  [1m[34mSELECT  "users".* FROM "users" WHERE "users"."id" = ? LIMIT ?[0m  [["id", 1], ["LIMIT", 1]]
  [1m[36mCACHE User Load (0.0ms)[0m  [1m[34mSELECT  "users".* FROM "users" WHERE "users"."id" = ? LIMIT ?[0m  [["id", 1], ["LIMIT", 1]]
  Rendered tweeets/_feed.html.erb (18.9ms)
  Rendered tweeets/_who-to-follow.html.erb (0.5ms)
  Rendered tweeets/index.html.erb within layouts/application (29.1ms)
Completed 200 OK in 69ms (Views: 65.5ms | ActiveRecord: 1.7ms)


Started GET "/" for 127.0.0.1 at 2021-04-17 11:52:44 +0300
Processing by TweeetsController#index as HTML
  Rendering tweeets/index.html.erb within layouts/application
  [1m[36mUser Load (0.4ms)[0m  [1m[34mSELECT  "users".* FROM "users" WHERE "users"."id" = ? ORDER BY "users"."id" ASC LIMIT ?[0m  [["id", 1], ["LIMIT", 1]]
  [1m[35m (0.2ms)[0m  [1m[34mSELECT COUNT(*) FROM "tweeets" WHERE "tweeets"."user_id" = ?[0m  [["user_id", 1]]
  Rendered tweeets/_profile.html.erb (5.5ms)
  Rendered tweeets/_form.html.erb (24.2ms)
  [1m[36mTweeet Load (0.3ms)[0m  [1m[34mSELECT "tweeets".* FROM "tweeets" ORDER BY created_at DESC[0m
  [1m[36mUser Load (0.3ms)[0m  [1m[34mSELECT  "users".* FROM "users" WHERE "users"."id" = ? LIMIT ?[0m  [["id", 1], ["LIMIT", 1]]
  [1m[36mCACHE User Load (0.0ms)[0m  [1m[34mSELECT  "users".* FROM "users" WHERE "users"."id" = ? LIMIT ?[0m  [["id", 1], ["LIMIT", 1]]
  [1m[36mCACHE User Load (0.0ms)[0m  [1m[34mSELECT  "users".* FROM "users" WHERE "users"."id" = ? LIMIT ?[0m  [["id", 1], ["LIMIT", 1]]
  Rendered tweeets/_feed.html.erb (33.6ms)
  Rendered tweeets/_who-to-follow.html.erb (0.8ms)
  Rendered tweeets/index.html.erb within layouts/application (49.3ms)
Completed 200 OK in 93ms (Views: 88.4ms | ActiveRecord: 1.2ms)


Started GET "/" for 127.0.0.1 at 2021-04-17 11:52:44 +0300
Processing by TweeetsController#index as HTML
  Rendering tweeets/index.html.erb within layouts/application
  [1m[36mUser Load (1.0ms)[0m  [1m[34mSELECT  "users".* FROM "users" WHERE "users"."id" = ? ORDER BY "users"."id" ASC LIMIT ?[0m  [["id", 1], ["LIMIT", 1]]
  [1m[35m (0.2ms)[0m  [1m[34mSELECT COUNT(*) FROM "tweeets" WHERE "tweeets"."user_id" = ?[0m  [["user_id", 1]]
  Rendered tweeets/_profile.html.erb (3.0ms)
  Rendered tweeets/_form.html.erb (5.1ms)
  [1m[36mTweeet Load (0.4ms)[0m  [1m[34mSELECT "tweeets".* FROM "tweeets" ORDER BY created_at DESC[0m
  [1m[36mUser Load (0.5ms)[0m  [1m[34mSELECT  "users".* FROM "users" WHERE "users"."id" = ? LIMIT ?[0m  [["id", 1], ["LIMIT", 1]]
  [1m[36mCACHE User Load (0.1ms)[0m  [1m[34mSELECT  "users".* FROM "users" WHERE "users"."id" = ? LIMIT ?[0m  [["id", 1], ["LIMIT", 1]]
  [1m[36mCACHE User Load (0.0ms)[0m  [1m[34mSELECT  "users".* FROM "users" WHERE "users"."id" = ? LIMIT ?[0m  [["id", 1], ["LIMIT", 1]]
  Rendered tweeets/_feed.html.erb (21.4ms)
  Rendered tweeets/_who-to-follow.html.erb (1.6ms)
  Rendered tweeets/index.html.erb within layouts/application (35.4ms)
Completed 200 OK in 84ms (Views: 79.8ms | ActiveRecord: 2.1ms)


Started GET "/" for 127.0.0.1 at 2021-04-17 11:54:07 +0300
Processing by TweeetsController#index as HTML
  Rendering tweeets/index.html.erb within layouts/application
  [1m[36mUser Load (0.4ms)[0m  [1m[34mSELECT  "users".* FROM "users" WHERE "users"."id" = ? ORDER BY "users"."id" ASC LIMIT ?[0m  [["id", 1], ["LIMIT", 1]]
  [1m[35m (0.3ms)[0m  [1m[34mSELECT COUNT(*) FROM "tweeets" WHERE "tweeets"."user_id" = ?[0m  [["user_id", 1]]
  Rendered tweeets/_profile.html.erb (2.9ms)
  Rendered tweeets/_form.html.erb (5.7ms)
  [1m[36mTweeet Load (0.4ms)[0m  [1m[34mSELECT "tweeets".* FROM "tweeets" ORDER BY created_at DESC[0m
  [1m[36mUser Load (0.5ms)[0m  [1m[34mSELECT  "users".* FROM "users" WHERE "users"."id" = ? LIMIT ?[0m  [["id", 1], ["LIMIT", 1]]
  [1m[36mCACHE User Load (0.0ms)[0m  [1m[34mSELECT  "users".* FROM "users" WHERE "users"."id" = ? LIMIT ?[0m  [["id", 1], ["LIMIT", 1]]
  [1m[36mCACHE User Load (0.0ms)[0m  [1m[34mSELECT  "users".* FROM "users" WHERE "users"."id" = ? LIMIT ?[0m  [["id", 1], ["LIMIT", 1]]
  Rendered tweeets/_feed.html.erb (17.6ms)
  Rendered tweeets/_who-to-follow.html.erb (0.5ms)
  Rendered tweeets/index.html.erb within layouts/application (26.9ms)
Completed 200 OK in 70ms (Views: 66.7ms | ActiveRecord: 1.6ms)


Started GET "/" for 127.0.0.1 at 2021-04-17 12:04:08 +0300
  [1m[35m (0.2ms)[0m  [1m[34mSELECT "schema_migrations"."version" FROM "schema_migrations" ORDER BY "schema_migrations"."version" ASC[0m
Processing by TweeetsController#index as HTML
  Rendering tweeets/index.html.erb within layouts/application
  [1m[36mUser Load (0.4ms)[0m  [1m[34mSELECT  "users".* FROM "users" WHERE "users"."id" = ? ORDER BY "users"."id" ASC LIMIT ?[0m  [["id", 1], ["LIMIT", 1]]
  [1m[35m (0.3ms)[0m  [1m[34mSELECT COUNT(*) FROM "tweeets" WHERE "tweeets"."user_id" = ?[0m  [["user_id", 1]]
  Rendered tweeets/_profile.html.erb (30.2ms)
  Rendered tweeets/_form.html.erb (112.2ms)
  [1m[36mTweeet Load (0.4ms)[0m  [1m[34mSELECT "tweeets".* FROM "tweeets" ORDER BY created_at DESC[0m
  [1m[36mUser Load (0.3ms)[0m  [1m[34mSELECT  "users".* FROM "users" WHERE "users"."id" = ? LIMIT ?[0m  [["id", 1], ["LIMIT", 1]]
  [1m[36mCACHE User Load (0.0ms)[0m  [1m[34mSELECT  "users".* FROM "users" WHERE "users"."id" = ? LIMIT ?[0m  [["id", 1], ["LIMIT", 1]]
  [1m[36mCACHE User Load (0.0ms)[0m  [1m[34mSELECT  "users".* FROM "users" WHERE "users"."id" = ? LIMIT ?[0m  [["id", 1], ["LIMIT", 1]]
  Rendered tweeets/_feed.html.erb (159.7ms)
  Rendered tweeets/_who-to-follow.html.erb (0.7ms)
  Rendered tweeets/index.html.erb within layouts/application (233.6ms)
Completed 200 OK in 866ms (Views: 820.0ms | ActiveRecord: 4.2ms)


Started GET "/" for 127.0.0.1 at 2021-04-17 12:04:16 +0300
Processing by TweeetsController#index as HTML
  Rendering tweeets/index.html.erb within layouts/application
  [1m[36mUser Load (0.3ms)[0m  [1m[34mSELECT  "users".* FROM "users" WHERE "users"."id" = ? ORDER BY "users"."id" ASC LIMIT ?[0m  [["id", 1], ["LIMIT", 1]]
  [1m[35m (0.2ms)[0m  [1m[34mSELECT COUNT(*) FROM "tweeets" WHERE "tweeets"."user_id" = ?[0m  [["user_id", 1]]
  Rendered tweeets/_profile.html.erb (9.8ms)
  Rendered tweeets/_form.html.erb (9.3ms)
  [1m[36mTweeet Load (0.6ms)[0m  [1m[34mSELECT "tweeets".* FROM "tweeets" ORDER BY created_at DESC[0m
  [1m[36mUser Load (0.4ms)[0m  [1m[34mSELECT  "users".* FROM "users" WHERE "users"."id" = ? LIMIT ?[0m  [["id", 1], ["LIMIT", 1]]
  [1m[36mCACHE User Load (0.0ms)[0m  [1m[34mSELECT  "users".* FROM "users" WHERE "users"."id" = ? LIMIT ?[0m  [["id", 1], ["LIMIT", 1]]
  [1m[36mCACHE User Load (0.0ms)[0m  [1m[34mSELECT  "users".* FROM "users" WHERE "users"."id" = ? LIMIT ?[0m  [["id", 1], ["LIMIT", 1]]
  Rendered tweeets/_feed.html.erb (25.7ms)
  Rendered tweeets/_who-to-follow.html.erb (0.8ms)
  Rendered tweeets/index.html.erb within layouts/application (43.2ms)
Completed 200 OK in 98ms (Views: 94.6ms | ActiveRecord: 1.6ms)


Started GET "/" for 127.0.0.1 at 2021-04-17 12:04:17 +0300
Processing by TweeetsController#index as HTML
  Rendering tweeets/index.html.erb within layouts/application
  [1m[36mUser Load (0.3ms)[0m  [1m[34mSELECT  "users".* FROM "users" WHERE "users"."id" = ? ORDER BY "users"."id" ASC LIMIT ?[0m  [["id", 1], ["LIMIT", 1]]
  [1m[35m (0.3ms)[0m  [1m[34mSELECT COUNT(*) FROM "tweeets" WHERE "tweeets"."user_id" = ?[0m  [["user_id", 1]]
  Rendered tweeets/_profile.html.erb (3.2ms)
  Rendered tweeets/_form.html.erb (6.6ms)
  [1m[36mTweeet Load (0.4ms)[0m  [1m[34mSELECT "tweeets".* FROM "tweeets" ORDER BY created_at DESC[0m
  [1m[36mUser Load (1.2ms)[0m  [1m[34mSELECT  "users".* FROM "users" WHERE "users"."id" = ? LIMIT ?[0m  [["id", 1], ["LIMIT", 1]]
  [1m[36mCACHE User Load (0.1ms)[0m  [1m[34mSELECT  "users".* FROM "users" WHERE "users"."id" = ? LIMIT ?[0m  [["id", 1], ["LIMIT", 1]]
  [1m[36mCACHE User Load (0.1ms)[0m  [1m[34mSELECT  "users".* FROM "users" WHERE "users"."id" = ? LIMIT ?[0m  [["id", 1], ["LIMIT", 1]]
  Rendered tweeets/_feed.html.erb (33.2ms)
  Rendered tweeets/_who-to-follow.html.erb (0.6ms)
  Rendered tweeets/index.html.erb within layouts/application (43.2ms)
Completed 200 OK in 98ms (Views: 93.1ms | ActiveRecord: 2.3ms)


Started GET "/" for 127.0.0.1 at 2021-04-17 12:04:17 +0300
Processing by TweeetsController#index as HTML
  Rendering tweeets/index.html.erb within layouts/application
  [1m[36mUser Load (0.6ms)[0m  [1m[34mSELECT  "users".* FROM "users" WHERE "users"."id" = ? ORDER BY "users"."id" ASC LIMIT ?[0m  [["id", 1], ["LIMIT", 1]]
  [1m[35m (0.3ms)[0m  [1m[34mSELECT COUNT(*) FROM "tweeets" WHERE "tweeets"."user_id" = ?[0m  [["user_id", 1]]
  Rendered tweeets/_profile.html.erb (3.8ms)
  Rendered tweeets/_form.html.erb (5.7ms)
  [1m[36mTweeet Load (0.3ms)[0m  [1m[34mSELECT "tweeets".* FROM "tweeets" ORDER BY created_at DESC[0m
  [1m[36mUser Load (0.4ms)[0m  [1m[34mSELECT  "users".* FROM "users" WHERE "users"."id" = ? LIMIT ?[0m  [["id", 1], ["LIMIT", 1]]
  [1m[36mCACHE User Load (0.0ms)[0m  [1m[34mSELECT  "users".* FROM "users" WHERE "users"."id" = ? LIMIT ?[0m  [["id", 1], ["LIMIT", 1]]
  [1m[36mCACHE User Load (0.0ms)[0m  [1m[34mSELECT  "users".* FROM "users" WHERE "users"."id" = ? LIMIT ?[0m  [["id", 1], ["LIMIT", 1]]
  Rendered tweeets/_feed.html.erb (21.5ms)
  Rendered tweeets/_who-to-follow.html.erb (0.7ms)
  Rendered tweeets/index.html.erb within layouts/application (35.1ms)
Completed 200 OK in 92ms (Views: 87.8ms | ActiveRecord: 1.7ms)


Started DELETE "/users/sign_out" for 127.0.0.1 at 2021-04-17 12:04:19 +0300

SyntaxError - syntax error, unexpected '{', expecting `end'
...ion only: [:create, :destroy] { request.env["devise.skip_tim...
...                              ^
/home/george/.rbenv/versions/2.7.2/lib/ruby/gems/2.7.0/gems/devise-4.3.0/app/controllers/devise/sessions_controller.rb:5: syntax error, unexpected '}', expecting `end'
..."devise.skip_timeout"] = true }
...                              ^
:

Started POST "/__better_errors/36dee6f59920440e/variables" for 127.0.0.1 at 2021-04-17 12:04:19 +0300
Started DELETE "/users/sign_out" for 127.0.0.1 at 2021-04-17 12:07:15 +0300
  [1m[35m (0.3ms)[0m  [1m[34mSELECT "schema_migrations"."version" FROM "schema_migrations" ORDER BY "schema_migrations"."version" ASC[0m
Processing by Devise::SessionsController#destroy as HTML
  Parameters: {"authenticity_token"=>"2/BhS4+MT5S4tVTQRrZ0f8DIgJkLaqdJBdz/p1o8qdVG65uJL8WNkcBxh0duOfSI1HtEGR64Z2/4AQv08ThFMA=="}
  [1m[36mUser Load (1.6ms)[0m  [1m[34mSELECT  "users".* FROM "users" WHERE "users"."id" = ? ORDER BY "users"."id" ASC LIMIT ?[0m  [["id", 1], ["LIMIT", 1]]
  [1m[35m (0.1ms)[0m  [1m[36mbegin transaction[0m
  [1m[35m (0.2ms)[0m  [1m[36mcommit transaction[0m
Redirected to http://localhost:3000/
Completed 302 Found in 90ms (ActiveRecord: 3.0ms)


Started GET "/" for 127.0.0.1 at 2021-04-17 12:07:15 +0300
Processing by TweeetsController#index as HTML
  Rendering tweeets/index.html.erb within layouts/application
  Rendered tweeets/_trends.html.erb (0.5ms)
  [1m[36mTweeet Load (0.7ms)[0m  [1m[34mSELECT "tweeets".* FROM "tweeets" ORDER BY created_at DESC[0m
  [1m[36mUser Load (0.5ms)[0m  [1m[34mSELECT  "users".* FROM "users" WHERE "users"."id" = ? LIMIT ?[0m  [["id", 1], ["LIMIT", 1]]
  [1m[36mCACHE User Load (0.0ms)[0m  [1m[34mSELECT  "users".* FROM "users" WHERE "users"."id" = ? LIMIT ?[0m  [["id", 1], ["LIMIT", 1]]
  [1m[36mCACHE User Load (0.1ms)[0m  [1m[34mSELECT  "users".* FROM "users" WHERE "users"."id" = ? LIMIT ?[0m  [["id", 1], ["LIMIT", 1]]
  Rendered tweeets/_feed.html.erb (41.2ms)
  Rendered tweeets/_who-to-follow.html.erb (2.1ms)
  Rendered tweeets/index.html.erb within layouts/application (56.9ms)
Completed 200 OK in 612ms (Views: 580.0ms | ActiveRecord: 2.4ms)


Started GET "/users/sign_up" for 127.0.0.1 at 2021-04-17 12:07:25 +0300
Processing by RegistrationsController#new as HTML
  Rendering devise/registrations/new.html.erb within layouts/application
  Rendered devise/shared/_links.html.erb (7.1ms)
  Rendered devise/registrations/new.html.erb within layouts/application (127.1ms)
Completed 200 OK in 262ms (Views: 260.2ms | ActiveRecord: 0.0ms)


Started POST "/users" for 127.0.0.1 at 2021-04-17 12:08:01 +0300
Processing by RegistrationsController#create as HTML
  Parameters: {"utf8"=>"✓", "authenticity_token"=>"I9W+VVptmtgFnElOqvamlADKQX6FVNJsDVG/lKyL+2/wm2Es3zzdPnVKzV2fU2rsUzWuyN8yurVe1MAJFSxKRg==", "user"=>{"name"=>"Nicoleta", "username"=>"Nico", "email"=>"georgegeorgescu67@gmail.com", "password"=>"[FILTERED]", "password_confirmation"=>"[FILTERED]"}, "commit"=>"Sign up"}
  [1m[35m (1.7ms)[0m  [1m[36mbegin transaction[0m
  [1m[36mUser Exists (0.5ms)[0m  [1m[34mSELECT  1 AS one FROM "users" WHERE "users"."email" = ? LIMIT ?[0m  [["email", "georgegeorgescu67@gmail.com"], ["LIMIT", 1]]
  [1m[35mSQL (0.8ms)[0m  [1m[32mINSERT INTO "users" ("email", "encrypted_password", "created_at", "updated_at", "name", "username") VALUES (?, ?, ?, ?, ?, ?)[0m  [["email", "georgegeorgescu67@gmail.com"], ["encrypted_password", "$2a$11$Rftm4JICPcLXK0K6HOOqIeTYjKnkT/gefcr5OSEgJWDwYg2MPbCD."], ["created_at", "2021-04-17 09:08:01.702443"], ["updated_at", "2021-04-17 09:08:01.702443"], ["name", "Nicoleta"], ["username", "Nico"]]
  [1m[35m (13.4ms)[0m  [1m[36mcommit transaction[0m
  [1m[35m (0.7ms)[0m  [1m[36mbegin transaction[0m
  [1m[35mSQL (0.8ms)[0m  [1m[33mUPDATE "users" SET "sign_in_count" = ?, "current_sign_in_at" = ?, "last_sign_in_at" = ?, "current_sign_in_ip" = ?, "last_sign_in_ip" = ?, "updated_at" = ? WHERE "users"."id" = ?[0m  [["sign_in_count", 1], ["current_sign_in_at", "2021-04-17 09:08:01.731823"], ["last_sign_in_at", "2021-04-17 09:08:01.731823"], ["current_sign_in_ip", "127.0.0.1"], ["last_sign_in_ip", "127.0.0.1"], ["updated_at", "2021-04-17 09:08:01.737080"], ["id", 2]]
  [1m[35m (7.6ms)[0m  [1m[36mcommit transaction[0m
Redirected to http://localhost:3000/
Completed 302 Found in 251ms (ActiveRecord: 25.4ms)


Started GET "/" for 127.0.0.1 at 2021-04-17 12:08:01 +0300
Processing by TweeetsController#index as HTML
  Rendering tweeets/index.html.erb within layouts/application
  [1m[36mUser Load (0.5ms)[0m  [1m[34mSELECT  "users".* FROM "users" WHERE "users"."id" = ? ORDER BY "users"."id" ASC LIMIT ?[0m  [["id", 2], ["LIMIT", 1]]
  [1m[35m (0.3ms)[0m  [1m[34mSELECT COUNT(*) FROM "tweeets" WHERE "tweeets"."user_id" = ?[0m  [["user_id", 2]]
  Rendered tweeets/_profile.html.erb (34.2ms)
  Rendered tweeets/_form.html.erb (20.5ms)
  [1m[36mTweeet Load (0.3ms)[0m  [1m[34mSELECT "tweeets".* FROM "tweeets" ORDER BY created_at DESC[0m
  [1m[36mUser Load (0.3ms)[0m  [1m[34mSELECT  "users".* FROM "users" WHERE "users"."id" = ? LIMIT ?[0m  [["id", 1], ["LIMIT", 1]]
  [1m[36mCACHE User Load (0.0ms)[0m  [1m[34mSELECT  "users".* FROM "users" WHERE "users"."id" = ? LIMIT ?[0m  [["id", 1], ["LIMIT", 1]]
  [1m[36mCACHE User Load (0.0ms)[0m  [1m[34mSELECT  "users".* FROM "users" WHERE "users"."id" = ? LIMIT ?[0m  [["id", 1], ["LIMIT", 1]]
  Rendered tweeets/_feed.html.erb (39.0ms)
  Rendered tweeets/_who-to-follow.html.erb (0.5ms)
  Rendered tweeets/index.html.erb within layouts/application (86.1ms)
Completed 200 OK in 155ms (Views: 147.9ms | ActiveRecord: 1.4ms)


Started POST "/tweeets" for 127.0.0.1 at 2021-04-17 12:08:13 +0300
Processing by TweeetsController#create as HTML
  Parameters: {"utf8"=>"✓", "authenticity_token"=>"NOBtYHDOgDqqcUgW6MFhSmEHx4/y7d+CWRoasZodGnBnmSdpfPxgKIv5AUDnA+tgHVJ143CAO9VHhiGf0PtdHA==", "tweeet"=>{"tweeet"=>"1th tweet"}, "commit"=>"Create Tweeet"}
  [1m[36mUser Load (0.3ms)[0m  [1m[34mSELECT  "users".* FROM "users" WHERE "users"."id" = ? ORDER BY "users"."id" ASC LIMIT ?[0m  [["id", 2], ["LIMIT", 1]]
  [1m[35m (0.1ms)[0m  [1m[36mbegin transaction[0m
  [1m[35mSQL (0.3ms)[0m  [1m[32mINSERT INTO "tweeets" ("tweeet", "created_at", "updated_at", "user_id") VALUES (?, ?, ?, ?)[0m  [["tweeet", "1th tweet"], ["created_at", "2021-04-17 09:08:13.271626"], ["updated_at", "2021-04-17 09:08:13.271626"], ["user_id", 2]]
  [1m[35m (6.0ms)[0m  [1m[36mcommit transaction[0m
Redirected to http://localhost:3000/
Completed 302 Found in 15ms (ActiveRecord: 6.7ms)


Started GET "/" for 127.0.0.1 at 2021-04-17 12:08:13 +0300
Processing by TweeetsController#index as HTML
  Rendering tweeets/index.html.erb within layouts/application
  [1m[36mUser Load (0.5ms)[0m  [1m[34mSELECT  "users".* FROM "users" WHERE "users"."id" = ? ORDER BY "users"."id" ASC LIMIT ?[0m  [["id", 2], ["LIMIT", 1]]
  [1m[35m (0.3ms)[0m  [1m[34mSELECT COUNT(*) FROM "tweeets" WHERE "tweeets"."user_id" = ?[0m  [["user_id", 2]]
  Rendered tweeets/_profile.html.erb (2.8ms)
  Rendered tweeets/_form.html.erb (5.1ms)
  [1m[36mTweeet Load (0.5ms)[0m  [1m[34mSELECT "tweeets".* FROM "tweeets" ORDER BY created_at DESC[0m
  [1m[36mUser Load (0.6ms)[0m  [1m[34mSELECT  "users".* FROM "users" WHERE "users"."id" = ? LIMIT ?[0m  [["id", 2], ["LIMIT", 1]]
  [1m[36mUser Load (0.4ms)[0m  [1m[34mSELECT  "users".* FROM "users" WHERE "users"."id" = ? LIMIT ?[0m  [["id", 1], ["LIMIT", 1]]
  [1m[36mCACHE User Load (0.0ms)[0m  [1m[34mSELECT  "users".* FROM "users" WHERE "users"."id" = ? LIMIT ?[0m  [["id", 1], ["LIMIT", 1]]
  [1m[36mCACHE User Load (0.0ms)[0m  [1m[34mSELECT  "users".* FROM "users" WHERE "users"."id" = ? LIMIT ?[0m  [["id", 1], ["LIMIT", 1]]
  Rendered tweeets/_feed.html.erb (18.9ms)
  Rendered tweeets/_who-to-follow.html.erb (0.6ms)
  Rendered tweeets/index.html.erb within layouts/application (29.1ms)
Completed 200 OK in 82ms (Views: 77.8ms | ActiveRecord: 2.3ms)


Started POST "/tweeets" for 127.0.0.1 at 2021-04-17 12:08:18 +0300
Processing by TweeetsController#create as HTML
  Parameters: {"utf8"=>"✓", "authenticity_token"=>"odlwjLiPeObTnUzRKa+ICx2tMFrlq/4E4ZJy+XVDj4vyoDqFtL2Y9PIVBYcmbQIhYfiCNmfGGlP/DknXP6XI5w==", "tweeet"=>{"tweeet"=>"2th tweet"}, "commit"=>"Create Tweeet"}
  [1m[36mUser Load (0.4ms)[0m  [1m[34mSELECT  "users".* FROM "users" WHERE "users"."id" = ? ORDER BY "users"."id" ASC LIMIT ?[0m  [["id", 2], ["LIMIT", 1]]
  [1m[35m (0.1ms)[0m  [1m[36mbegin transaction[0m
  [1m[35mSQL (0.4ms)[0m  [1m[32mINSERT INTO "tweeets" ("tweeet", "created_at", "updated_at", "user_id") VALUES (?, ?, ?, ?)[0m  [["tweeet", "2th tweet"], ["created_at", "2021-04-17 09:08:18.455122"], ["updated_at", "2021-04-17 09:08:18.455122"], ["user_id", 2]]
  [1m[35m (4.7ms)[0m  [1m[36mcommit transaction[0m
Redirected to http://localhost:3000/
Completed 302 Found in 15ms (ActiveRecord: 5.5ms)


Started GET "/" for 127.0.0.1 at 2021-04-17 12:08:18 +0300
Processing by TweeetsController#index as HTML
  Rendering tweeets/index.html.erb within layouts/application
  [1m[36mUser Load (0.6ms)[0m  [1m[34mSELECT  "users".* FROM "users" WHERE "users"."id" = ? ORDER BY "users"."id" ASC LIMIT ?[0m  [["id", 2], ["LIMIT", 1]]
  [1m[35m (0.3ms)[0m  [1m[34mSELECT COUNT(*) FROM "tweeets" WHERE "tweeets"."user_id" = ?[0m  [["user_id", 2]]
  Rendered tweeets/_profile.html.erb (3.9ms)
  Rendered tweeets/_form.html.erb (6.7ms)
  [1m[36mTweeet Load (0.5ms)[0m  [1m[34mSELECT "tweeets".* FROM "tweeets" ORDER BY created_at DESC[0m
  [1m[36mUser Load (0.4ms)[0m  [1m[34mSELECT  "users".* FROM "users" WHERE "users"."id" = ? LIMIT ?[0m  [["id", 2], ["LIMIT", 1]]
  [1m[36mCACHE User Load (0.0ms)[0m  [1m[34mSELECT  "users".* FROM "users" WHERE "users"."id" = ? LIMIT ?[0m  [["id", 2], ["LIMIT", 1]]
  [1m[36mUser Load (0.5ms)[0m  [1m[34mSELECT  "users".* FROM "users" WHERE "users"."id" = ? LIMIT ?[0m  [["id", 1], ["LIMIT", 1]]
  [1m[36mCACHE User Load (0.0ms)[0m  [1m[34mSELECT  "users".* FROM "users" WHERE "users"."id" = ? LIMIT ?[0m  [["id", 1], ["LIMIT", 1]]
  [1m[36mCACHE User Load (0.0ms)[0m  [1m[34mSELECT  "users".* FROM "users" WHERE "users"."id" = ? LIMIT ?[0m  [["id", 1], ["LIMIT", 1]]
  Rendered tweeets/_feed.html.erb (26.0ms)
  Rendered tweeets/_who-to-follow.html.erb (0.6ms)
  Rendered tweeets/index.html.erb within layouts/application (37.9ms)
Completed 200 OK in 89ms (Views: 84.9ms | ActiveRecord: 2.5ms)


Started DELETE "/users/sign_out" for 127.0.0.1 at 2021-04-17 12:08:22 +0300
Processing by Devise::SessionsController#destroy as HTML
  Parameters: {"authenticity_token"=>"SVrzL4UzMBtbdFp8jRw929c9xD1puI871zMeBK3MjQgaI7kmiQHQCXr8EyqC3rfxq2h2UevVa2zJryUq5yrKZA=="}
  [1m[36mUser Load (0.5ms)[0m  [1m[34mSELECT  "users".* FROM "users" WHERE "users"."id" = ? ORDER BY "users"."id" ASC LIMIT ?[0m  [["id", 2], ["LIMIT", 1]]
  [1m[35m (0.1ms)[0m  [1m[36mbegin transaction[0m
  [1m[35m (0.1ms)[0m  [1m[36mcommit transaction[0m
Redirected to http://localhost:3000/
Completed 302 Found in 8ms (ActiveRecord: 0.7ms)


Started GET "/" for 127.0.0.1 at 2021-04-17 12:08:22 +0300
Processing by TweeetsController#index as HTML
  Rendering tweeets/index.html.erb within layouts/application
  Rendered tweeets/_trends.html.erb (1.0ms)
  [1m[36mTweeet Load (0.4ms)[0m  [1m[34mSELECT "tweeets".* FROM "tweeets" ORDER BY created_at DESC[0m
  [1m[36mUser Load (0.5ms)[0m  [1m[34mSELECT  "users".* FROM "users" WHERE "users"."id" = ? LIMIT ?[0m  [["id", 2], ["LIMIT", 1]]
  [1m[36mCACHE User Load (0.1ms)[0m  [1m[34mSELECT  "users".* FROM "users" WHERE "users"."id" = ? LIMIT ?[0m  [["id", 2], ["LIMIT", 1]]
  [1m[36mUser Load (1.7ms)[0m  [1m[34mSELECT  "users".* FROM "users" WHERE "users"."id" = ? LIMIT ?[0m  [["id", 1], ["LIMIT", 1]]
  [1m[36mCACHE User Load (0.0ms)[0m  [1m[34mSELECT  "users".* FROM "users" WHERE "users"."id" = ? LIMIT ?[0m  [["id", 1], ["LIMIT", 1]]
  [1m[36mCACHE User Load (0.0ms)[0m  [1m[34mSELECT  "users".* FROM "users" WHERE "users"."id" = ? LIMIT ?[0m  [["id", 1], ["LIMIT", 1]]
  Rendered tweeets/_feed.html.erb (17.4ms)
  Rendered tweeets/_who-to-follow.html.erb (0.5ms)
  Rendered tweeets/index.html.erb within layouts/application (23.6ms)
Completed 200 OK in 73ms (Views: 68.7ms | ActiveRecord: 2.7ms)


Started GET "/" for 127.0.0.1 at 2021-04-17 12:08:37 +0300
Processing by TweeetsController#index as HTML
  Rendering tweeets/index.html.erb within layouts/application
  Rendered tweeets/_trends.html.erb (0.4ms)
  [1m[36mTweeet Load (0.3ms)[0m  [1m[34mSELECT "tweeets".* FROM "tweeets" ORDER BY created_at DESC[0m
  [1m[36mUser Load (0.3ms)[0m  [1m[34mSELECT  "users".* FROM "users" WHERE "users"."id" = ? LIMIT ?[0m  [["id", 2], ["LIMIT", 1]]
  [1m[36mCACHE User Load (0.0ms)[0m  [1m[34mSELECT  "users".* FROM "users" WHERE "users"."id" = ? LIMIT ?[0m  [["id", 2], ["LIMIT", 1]]
  [1m[36mUser Load (0.4ms)[0m  [1m[34mSELECT  "users".* FROM "users" WHERE "users"."id" = ? LIMIT ?[0m  [["id", 1], ["LIMIT", 1]]
  [1m[36mCACHE User Load (0.0ms)[0m  [1m[34mSELECT  "users".* FROM "users" WHERE "users"."id" = ? LIMIT ?[0m  [["id", 1], ["LIMIT", 1]]
  [1m[36mCACHE User Load (0.0ms)[0m  [1m[34mSELECT  "users".* FROM "users" WHERE "users"."id" = ? LIMIT ?[0m  [["id", 1], ["LIMIT", 1]]
  Rendered tweeets/_feed.html.erb (12.2ms)
  Rendered tweeets/_who-to-follow.html.erb (0.5ms)
  Rendered tweeets/index.html.erb within layouts/application (17.1ms)
Completed 200 OK in 64ms (Views: 61.1ms | ActiveRecord: 1.0ms)


Started GET "/" for 127.0.0.1 at 2021-04-17 12:08:39 +0300
Processing by TweeetsController#index as HTML
  Rendering tweeets/index.html.erb within layouts/application
  Rendered tweeets/_trends.html.erb (0.5ms)
  [1m[36mTweeet Load (0.3ms)[0m  [1m[34mSELECT "tweeets".* FROM "tweeets" ORDER BY created_at DESC[0m
  [1m[36mUser Load (0.3ms)[0m  [1m[34mSELECT  "users".* FROM "users" WHERE "users"."id" = ? LIMIT ?[0m  [["id", 2], ["LIMIT", 1]]
  [1m[36mCACHE User Load (0.0ms)[0m  [1m[34mSELECT  "users".* FROM "users" WHERE "users"."id" = ? LIMIT ?[0m  [["id", 2], ["LIMIT", 1]]
  [1m[36mUser Load (0.3ms)[0m  [1m[34mSELECT  "users".* FROM "users" WHERE "users"."id" = ? LIMIT ?[0m  [["id", 1], ["LIMIT", 1]]
  [1m[36mCACHE User Load (0.1ms)[0m  [1m[34mSELECT  "users".* FROM "users" WHERE "users"."id" = ? LIMIT ?[0m  [["id", 1], ["LIMIT", 1]]
  [1m[36mCACHE User Load (0.2ms)[0m  [1m[34mSELECT  "users".* FROM "users" WHERE "users"."id" = ? LIMIT ?[0m  [["id", 1], ["LIMIT", 1]]
  Rendered tweeets/_feed.html.erb (23.6ms)
  Rendered tweeets/_who-to-follow.html.erb (1.6ms)
  Rendered tweeets/index.html.erb within layouts/application (32.6ms)
Completed 200 OK in 95ms (Views: 91.6ms | ActiveRecord: 1.2ms)


Started GET "/" for 127.0.0.1 at 2021-04-17 12:08:40 +0300
Processing by TweeetsController#index as HTML
  Rendering tweeets/index.html.erb within layouts/application
  Rendered tweeets/_trends.html.erb (0.6ms)
  [1m[36mTweeet Load (0.3ms)[0m  [1m[34mSELECT "tweeets".* FROM "tweeets" ORDER BY created_at DESC[0m
  [1m[36mUser Load (0.4ms)[0m  [1m[34mSELECT  "users".* FROM "users" WHERE "users"."id" = ? LIMIT ?[0m  [["id", 2], ["LIMIT", 1]]
  [1m[36mCACHE User Load (0.0ms)[0m  [1m[34mSELECT  "users".* FROM "users" WHERE "users"."id" = ? LIMIT ?[0m  [["id", 2], ["LIMIT", 1]]
  [1m[36mUser Load (0.4ms)[0m  [1m[34mSELECT  "users".* FROM "users" WHERE "users"."id" = ? LIMIT ?[0m  [["id", 1], ["LIMIT", 1]]
  [1m[36mCACHE User Load (0.0ms)[0m  [1m[34mSELECT  "users".* FROM "users" WHERE "users"."id" = ? LIMIT ?[0m  [["id", 1], ["LIMIT", 1]]
  [1m[36mCACHE User Load (0.0ms)[0m  [1m[34mSELECT  "users".* FROM "users" WHERE "users"."id" = ? LIMIT ?[0m  [["id", 1], ["LIMIT", 1]]
  Rendered tweeets/_feed.html.erb (24.0ms)
  Rendered tweeets/_who-to-follow.html.erb (0.9ms)
  Rendered tweeets/index.html.erb within layouts/application (31.0ms)
Completed 200 OK in 80ms (Views: 73.6ms | ActiveRecord: 1.1ms)


Started GET "/" for 127.0.0.1 at 2021-04-17 12:08:41 +0300
Processing by TweeetsController#index as HTML
  Rendering tweeets/index.html.erb within layouts/application
  Rendered tweeets/_trends.html.erb (0.5ms)
  [1m[36mTweeet Load (0.4ms)[0m  [1m[34mSELECT "tweeets".* FROM "tweeets" ORDER BY created_at DESC[0m
  [1m[36mUser Load (0.3ms)[0m  [1m[34mSELECT  "users".* FROM "users" WHERE "users"."id" = ? LIMIT ?[0m  [["id", 2], ["LIMIT", 1]]
  [1m[36mCACHE User Load (0.1ms)[0m  [1m[34mSELECT  "users".* FROM "users" WHERE "users"."id" = ? LIMIT ?[0m  [["id", 2], ["LIMIT", 1]]
  [1m[36mUser Load (0.4ms)[0m  [1m[34mSELECT  "users".* FROM "users" WHERE "users"."id" = ? LIMIT ?[0m  [["id", 1], ["LIMIT", 1]]
  [1m[36mCACHE User Load (0.0ms)[0m  [1m[34mSELECT  "users".* FROM "users" WHERE "users"."id" = ? LIMIT ?[0m  [["id", 1], ["LIMIT", 1]]
  [1m[36mCACHE User Load (0.0ms)[0m  [1m[34mSELECT  "users".* FROM "users" WHERE "users"."id" = ? LIMIT ?[0m  [["id", 1], ["LIMIT", 1]]
  Rendered tweeets/_feed.html.erb (16.5ms)
  Rendered tweeets/_who-to-follow.html.erb (0.5ms)
  Rendered tweeets/index.html.erb within layouts/application (22.4ms)
Completed 200 OK in 74ms (Views: 69.9ms | ActiveRecord: 1.3ms)


Started GET "/" for 127.0.0.1 at 2021-04-17 12:08:42 +0300
Processing by TweeetsController#index as HTML
  Rendering tweeets/index.html.erb within layouts/application
  Rendered tweeets/_trends.html.erb (0.4ms)
  [1m[36mTweeet Load (0.4ms)[0m  [1m[34mSELECT "tweeets".* FROM "tweeets" ORDER BY created_at DESC[0m
  [1m[36mUser Load (0.3ms)[0m  [1m[34mSELECT  "users".* FROM "users" WHERE "users"."id" = ? LIMIT ?[0m  [["id", 2], ["LIMIT", 1]]
  [1m[36mCACHE User Load (0.0ms)[0m  [1m[34mSELECT  "users".* FROM "users" WHERE "users"."id" = ? LIMIT ?[0m  [["id", 2], ["LIMIT", 1]]
  [1m[36mUser Load (0.3ms)[0m  [1m[34mSELECT  "users".* FROM "users" WHERE "users"."id" = ? LIMIT ?[0m  [["id", 1], ["LIMIT", 1]]
  [1m[36mCACHE User Load (0.0ms)[0m  [1m[34mSELECT  "users".* FROM "users" WHERE "users"."id" = ? LIMIT ?[0m  [["id", 1], ["LIMIT", 1]]
  [1m[36mCACHE User Load (0.0ms)[0m  [1m[34mSELECT  "users".* FROM "users" WHERE "users"."id" = ? LIMIT ?[0m  [["id", 1], ["LIMIT", 1]]
  Rendered tweeets/_feed.html.erb (13.4ms)
  Rendered tweeets/_who-to-follow.html.erb (0.5ms)
  Rendered tweeets/index.html.erb within layouts/application (18.4ms)
Completed 200 OK in 67ms (Views: 64.4ms | ActiveRecord: 1.1ms)


